<?xml version="1.0" encoding="UTF-8"?>
<!-- Generated by org.testng.reporters.JUnitXMLReporter -->
<testsuite hostname="KARTHICK" name="Default test" tests="4" failures="0" timestamp="19 Aug 2021 17:09:02 GMT" time="22.52" errors="0">
  <testcase name="verifyCategoryListing" time="0.23" classname="com.deasliwant.admin.tests.FindWork"/>
  <testcase name="verifySearchResultTitleAndDistance" time="5.564" classname="com.deasliwant.admin.tests.FindWork"/>
  <testcase name="verifyStudioDetails" time="4.147" classname="com.deasliwant.admin.tests.FindWork"/>
  <testcase name="getBusinessHours" time="0.47" classname="com.deasliwant.admin.tests.FindWork"/>
</testsuite> <!-- Default test -->
