<?xml version="1.0" encoding="UTF-8"?>
<testng-results skipped="1" failed="0" total="2" passed="1">
  <reporter-output>
  </reporter-output>
  <suite name="sanity suite" duration-ms="6944" started-at="2020-08-30T12:01:17Z" finished-at="2020-08-30T12:01:24Z">
    <groups>
    </groups>
    <test name="sanity test" duration-ms="433" started-at="2020-08-30T12:01:17Z" finished-at="2020-08-30T12:01:17Z">
      <class name="com.deasliwant.admin.tests.CategoryTests">
        <test-method status="FAIL" signature="setup(java.lang.String)[pri:0, instance:com.deasliwant.admin.tests.CategoryTests@60f82f98]" name="setup" is-config="true" duration-ms="0" started-at="2020-08-30T17:31:17Z" finished-at="2020-08-30T17:31:17Z">
          <params>
            <param index="0">
              <value>
                <![CDATA[ie]]>
              </value>
            </param>
          </params>
          <exception class="java.lang.IllegalStateException">
            <message>
              <![CDATA[The driver executable does not exist: E:\SeleniumAutomation\2020\DealsIWant\drivers\IEDriver.exe]]>
            </message>
            <full-stacktrace>
              <![CDATA[java.lang.IllegalStateException: The driver executable does not exist: E:\SeleniumAutomation\2020\DealsIWant\drivers\IEDriver.exe
	at com.google.common.base.Preconditions.checkState(Preconditions.java:585)
	at org.openqa.selenium.remote.service.DriverService.checkExecutable(DriverService.java:146)
	at org.openqa.selenium.remote.service.DriverService.findExecutable(DriverService.java:141)
	at org.openqa.selenium.ie.InternetExplorerDriverService.access$000(InternetExplorerDriverService.java:35)
	at org.openqa.selenium.ie.InternetExplorerDriverService$Builder.findDefaultExecutable(InternetExplorerDriverService.java:175)
	at org.openqa.selenium.remote.service.DriverService$Builder.build(DriverService.java:355)
	at org.openqa.selenium.ie.InternetExplorerDriver.setupService(InternetExplorerDriver.java:281)
	at org.openqa.selenium.ie.InternetExplorerDriver.<init>(InternetExplorerDriver.java:211)
	at org.openqa.selenium.ie.InternetExplorerDriver.<init>(InternetExplorerDriver.java:150)
	at com.dealsiwant.utils.BaseTest.setup(BaseTest.java:98)
	at sun.reflect.NativeMethodAccessorImpl.invoke0(Native Method)
	at sun.reflect.NativeMethodAccessorImpl.invoke(NativeMethodAccessorImpl.java:62)
	at sun.reflect.DelegatingMethodAccessorImpl.invoke(DelegatingMethodAccessorImpl.java:43)
	at java.lang.reflect.Method.invoke(Method.java:497)
	at org.testng.internal.MethodInvocationHelper.invokeMethod(MethodInvocationHelper.java:86)
	at org.testng.internal.Invoker.invokeConfigurationMethod(Invoker.java:514)
	at org.testng.internal.Invoker.invokeConfigurations(Invoker.java:215)
	at org.testng.internal.Invoker.invokeConfigurations(Invoker.java:142)
	at org.testng.TestRunner.beforeRun(TestRunner.java:656)
	at org.testng.TestRunner.run(TestRunner.java:624)
	at org.testng.SuiteRunner.runTest(SuiteRunner.java:366)
	at org.testng.SuiteRunner.runSequentially(SuiteRunner.java:361)
	at org.testng.SuiteRunner.privateRun(SuiteRunner.java:319)
	at org.testng.SuiteRunner.run(SuiteRunner.java:268)
	at org.testng.SuiteRunnerWorker.runSuite(SuiteRunnerWorker.java:52)
	at org.testng.SuiteRunnerWorker.run(SuiteRunnerWorker.java:86)
	at org.testng.TestNG.runSuitesSequentially(TestNG.java:1244)
	at org.testng.TestNG.runSuitesLocally(TestNG.java:1169)
	at org.testng.TestNG.run(TestNG.java:1064)
	at org.apache.maven.surefire.testng.TestNGExecutor.run(TestNGExecutor.java:178)
	at org.apache.maven.surefire.testng.TestNGXmlTestSuite.execute(TestNGXmlTestSuite.java:92)
	at org.apache.maven.surefire.testng.TestNGProvider.invoke(TestNGProvider.java:96)
	at sun.reflect.NativeMethodAccessorImpl.invoke0(Native Method)
	at sun.reflect.NativeMethodAccessorImpl.invoke(NativeMethodAccessorImpl.java:62)
	at sun.reflect.DelegatingMethodAccessorImpl.invoke(DelegatingMethodAccessorImpl.java:43)
	at java.lang.reflect.Method.invoke(Method.java:497)
	at org.apache.maven.surefire.util.ReflectionUtils.invokeMethodWithArray2(ReflectionUtils.java:208)
	at org.apache.maven.surefire.booter.ProviderFactory$ProviderProxy.invoke(ProviderFactory.java:159)
	at org.apache.maven.surefire.booter.ProviderFactory.invokeProvider(ProviderFactory.java:87)
	at org.apache.maven.surefire.booter.ForkedBooter.runSuitesInProcess(ForkedBooter.java:153)
	at org.apache.maven.surefire.booter.ForkedBooter.main(ForkedBooter.java:95)
]]>
            </full-stacktrace>
          </exception> <!-- java.lang.IllegalStateException -->
          <reporter-output>
          </reporter-output>
        </test-method> <!-- setup -->
        <test-method status="SKIP" signature="verifyCategoryListing()[pri:0, instance:com.deasliwant.admin.tests.CategoryTests@60f82f98]" name="verifyCategoryListing" duration-ms="7" started-at="2020-08-30T17:31:17Z" finished-at="2020-08-30T17:31:17Z">
          <reporter-output>
          </reporter-output>
        </test-method> <!-- verifyCategoryListing -->
        <test-method status="SKIP" signature="getResult(org.testng.ITestResult)[pri:0, instance:com.deasliwant.admin.tests.CategoryTests@60f82f98]" name="getResult" is-config="true" duration-ms="0" started-at="2020-08-30T17:31:17Z" finished-at="2020-08-30T17:31:17Z">
          <reporter-output>
          </reporter-output>
        </test-method> <!-- getResult -->
        <test-method status="SKIP" signature="tearDown()[pri:0, instance:com.deasliwant.admin.tests.CategoryTests@60f82f98]" name="tearDown" is-config="true" duration-ms="0" started-at="2020-08-30T17:31:17Z" finished-at="2020-08-30T17:31:17Z">
          <reporter-output>
          </reporter-output>
        </test-method> <!-- tearDown -->
      </class> <!-- com.deasliwant.admin.tests.CategoryTests -->
    </test> <!-- sanity test -->
    <test name="sanity test1" duration-ms="6463" started-at="2020-08-30T12:01:17Z" finished-at="2020-08-30T12:01:24Z">
      <class name="com.deasliwant.admin.tests.CategoryTests">
        <test-method status="PASS" signature="setup(java.lang.String)[pri:0, instance:com.deasliwant.admin.tests.CategoryTests@79698539]" name="setup" is-config="true" duration-ms="3615" started-at="2020-08-30T17:31:17Z" finished-at="2020-08-30T17:31:21Z">
          <params>
            <param index="0">
              <value>
                <![CDATA[chrome]]>
              </value>
            </param>
          </params>
          <reporter-output>
          </reporter-output>
        </test-method> <!-- setup -->
        <test-method status="PASS" signature="verifyCategoryListing()[pri:0, instance:com.deasliwant.admin.tests.CategoryTests@79698539]" name="verifyCategoryListing" duration-ms="1742" started-at="2020-08-30T17:31:21Z" finished-at="2020-08-30T17:31:22Z">
          <reporter-output>
          </reporter-output>
        </test-method> <!-- verifyCategoryListing -->
        <test-method status="PASS" signature="getResult(org.testng.ITestResult)[pri:0, instance:com.deasliwant.admin.tests.CategoryTests@79698539]" name="getResult" is-config="true" duration-ms="3" started-at="2020-08-30T17:31:22Z" finished-at="2020-08-30T17:31:22Z">
          <params>
            <param index="0">
              <value>
                <![CDATA[[TestResult name=verifyCategoryListing status=SUCCESS method=CategoryTests.verifyCategoryListing()[pri:0, instance:com.deasliwant.admin.tests.CategoryTests@79698539] output={null}]]]>
              </value>
            </param>
          </params>
          <reporter-output>
          </reporter-output>
        </test-method> <!-- getResult -->
        <test-method status="PASS" signature="tearDown()[pri:0, instance:com.deasliwant.admin.tests.CategoryTests@79698539]" name="tearDown" is-config="true" duration-ms="1102" started-at="2020-08-30T17:31:22Z" finished-at="2020-08-30T17:31:24Z">
          <reporter-output>
          </reporter-output>
        </test-method> <!-- tearDown -->
      </class> <!-- com.deasliwant.admin.tests.CategoryTests -->
    </test> <!-- sanity test1 -->
  </suite> <!-- sanity suite -->
</testng-results>
